<?xml version="1.0" encoding="UTF-8"?>
<testsuite xmlns:xsi="http://www.w3.org/2001/XMLSchema-instance" xsi:noNamespaceSchemaLocation="https://maven.apache.org/surefire/maven-surefire-plugin/xsd/surefire-test-report-3.0.xsd" version="3.0" name="com.example.MainTest" time="0.478" tests="1" errors="0" skipped="0" failures="0">
  <properties>
[...]
</properties>
  <testcase name="testAllSysyFiles" classname="com.example.MainTest" time="0.441">
    <system-out><![CDATA[Running test case: tests/develop_test/nine_param_test.sysy
int p(int a, int b, int c, int d, int e, int f, int g, int h, int i, int j, int k, int arr[3]) {
    arr[2] = arr[2] + 1;
    return a + b + c + arr[2];
}

int f(int a, int b, int c, int d, int e, int f, int g, int h, int i, int j, int k) {
    int arr[3] = {0, 0, 0};
    int x = p(a, b, c, d, e, f, g, h, i, j, k, arr);
    return arr[2] + a + b + c + d + e + f + g + h + i + j + k + x;
}

int main() {
    int x = 3;
    int p = f(x, x, x, x, x, 5, x, x, x, x, x);
    return p + x;
}
>>> Reached this point <<<
>>> Reached this point <<<
>>> Reached this point <<<
>>> Reached this point <<<
>>> Reached this point <<<
>>> Reached this point <<<
>>> Reached this point <<<
]]></system-out>
  </testcase>
</testsuite>